{"C:\\Users\\CHIRAG BAJAJ\\Downloads\\ecommerce_structure-main\\ecommerce_structure-main\\server\\src\\middleware\\auth.js": {"path":"C:\\Users\\CHIRAG BAJAJ\\Downloads\\ecommerce_structure-main\\ecommerce_structure-main\\server\\src\\middleware\\auth.js","statementMap":{"0":{"start":{"line":1,"column":12},"end":{"line":1,"column":35}},"1":{"start":{"line":2,"column":12},"end":{"line":2,"column":36}},"2":{"start":{"line":3,"column":13},"end":{"line":3,"column":38}},"3":{"start":{"line":6,"column":21},"end":{"line":39,"column":1}},"4":{"start":{"line":7,"column":2},"end":{"line":38,"column":3}},"5":{"start":{"line":8,"column":23},"end":{"line":8,"column":48}},"6":{"start":{"line":10,"column":4},"end":{"line":18,"column":5}},"7":{"start":{"line":11,"column":6},"end":{"line":17,"column":9}},"8":{"start":{"line":20,"column":18},"end":{"line":20,"column":42}},"9":{"start":{"line":21,"column":20},"end":{"line":21,"column":60}},"10":{"start":{"line":23,"column":17},"end":{"line":23,"column":72}},"11":{"start":{"line":24,"column":4},"end":{"line":32,"column":5}},"12":{"start":{"line":25,"column":6},"end":{"line":31,"column":9}},"13":{"start":{"line":34,"column":4},"end":{"line":34,"column":20}},"14":{"start":{"line":35,"column":4},"end":{"line":35,"column":11}},"15":{"start":{"line":37,"column":4},"end":{"line":37,"column":16}},"16":{"start":{"line":42,"column":20},"end":{"line":66,"column":1}},"17":{"start":{"line":43,"column":2},"end":{"line":65,"column":4}},"18":{"start":{"line":44,"column":4},"end":{"line":52,"column":5}},"19":{"start":{"line":45,"column":6},"end":{"line":51,"column":9}},"20":{"start":{"line":54,"column":4},"end":{"line":62,"column":5}},"21":{"start":{"line":55,"column":6},"end":{"line":61,"column":9}},"22":{"start":{"line":64,"column":4},"end":{"line":64,"column":11}},"23":{"start":{"line":69,"column":21},"end":{"line":85,"column":1}},"24":{"start":{"line":70,"column":2},"end":{"line":84,"column":3}},"25":{"start":{"line":71,"column":23},"end":{"line":71,"column":48}},"26":{"start":{"line":73,"column":4},"end":{"line":78,"column":5}},"27":{"start":{"line":74,"column":20},"end":{"line":74,"column":44}},"28":{"start":{"line":75,"column":22},"end":{"line":75,"column":62}},"29":{"start":{"line":76,"column":19},"end":{"line":76,"column":74}},"30":{"start":{"line":77,"column":6},"end":{"line":77,"column":32}},"31":{"start":{"line":77,"column":16},"end":{"line":77,"column":32}},"32":{"start":{"line":80,"column":4},"end":{"line":80,"column":11}},"33":{"start":{"line":83,"column":4},"end":{"line":83,"column":11}},"34":{"start":{"line":87,"column":0},"end":{"line":87,"column":61}}},"fnMap":{"0":{"name":"(anonymous_0)","decl":{"start":{"line":6,"column":21},"end":{"line":6,"column":22}},"loc":{"start":{"line":6,"column":47},"end":{"line":39,"column":1}},"line":6},"1":{"name":"(anonymous_1)","decl":{"start":{"line":42,"column":20},"end":{"line":42,"column":21}},"loc":{"start":{"line":42,"column":34},"end":{"line":66,"column":1}},"line":42},"2":{"name":"(anonymous_2)","decl":{"start":{"line":43,"column":9},"end":{"line":43,"column":10}},"loc":{"start":{"line":43,"column":29},"end":{"line":65,"column":3}},"line":43},"3":{"name":"(anonymous_3)","decl":{"start":{"line":69,"column":21},"end":{"line":69,"column":22}},"loc":{"start":{"line":69,"column":47},"end":{"line":85,"column":1}},"line":69}},"branchMap":{"0":{"loc":{"start":{"line":10,"column":4},"end":{"line":18,"column":5}},"type":"if","locations":[{"start":{"line":10,"column":4},"end":{"line":18,"column":5}},{"start":{},"end":{}}],"line":10},"1":{"loc":{"start":{"line":10,"column":8},"end":{"line":10,"column":56}},"type":"binary-expr","locations":[{"start":{"line":10,"column":8},"end":{"line":10,"column":19}},{"start":{"line":10,"column":23},"end":{"line":10,"column":56}}],"line":10},"2":{"loc":{"start":{"line":24,"column":4},"end":{"line":32,"column":5}},"type":"if","locations":[{"start":{"line":24,"column":4},"end":{"line":32,"column":5}},{"start":{},"end":{}}],"line":24},"3":{"loc":{"start":{"line":44,"column":4},"end":{"line":52,"column":5}},"type":"if","locations":[{"start":{"line":44,"column":4},"end":{"line":52,"column":5}},{"start":{},"end":{}}],"line":44},"4":{"loc":{"start":{"line":54,"column":4},"end":{"line":62,"column":5}},"type":"if","locations":[{"start":{"line":54,"column":4},"end":{"line":62,"column":5}},{"start":{},"end":{}}],"line":54},"5":{"loc":{"start":{"line":73,"column":4},"end":{"line":78,"column":5}},"type":"if","locations":[{"start":{"line":73,"column":4},"end":{"line":78,"column":5}},{"start":{},"end":{}}],"line":73},"6":{"loc":{"start":{"line":73,"column":8},"end":{"line":73,"column":54}},"type":"binary-expr","locations":[{"start":{"line":73,"column":8},"end":{"line":73,"column":18}},{"start":{"line":73,"column":22},"end":{"line":73,"column":54}}],"line":73},"7":{"loc":{"start":{"line":77,"column":6},"end":{"line":77,"column":32}},"type":"if","locations":[{"start":{"line":77,"column":6},"end":{"line":77,"column":32}},{"start":{},"end":{}}],"line":77}},"s":{"0":1,"1":1,"2":1,"3":1,"4":6,"5":6,"6":6,"7":2,"8":4,"9":4,"10":2,"11":2,"12":1,"13":1,"14":1,"15":2,"16":1,"17":7,"18":7,"19":1,"20":6,"21":2,"22":4,"23":1,"24":5,"25":5,"26":5,"27":4,"28":4,"29":2,"30":2,"31":1,"32":3,"33":2,"34":1},"f":{"0":6,"1":7,"2":7,"3":5},"b":{"0":[2,4],"1":[6,5],"2":[1,1],"3":[1,6],"4":[2,4],"5":[4,1],"6":[5,4],"7":[1,1]},"_coverageSchema":"1a1c01bbd47fc00a2c39e90264f33305004495a9","hash":"25b96514646c31e5d12fecb86927a1a769825783"}
,"C:\\Users\\CHIRAG BAJAJ\\Downloads\\ecommerce_structure-main\\ecommerce_structure-main\\server\\src\\middleware\\errorHandler.js": {"path":"C:\\Users\\CHIRAG BAJAJ\\Downloads\\ecommerce_structure-main\\ecommerce_structure-main\\server\\src\\middleware\\errorHandler.js","statementMap":{"0":{"start":{"line":1,"column":21},"end":{"line":59,"column":1}},"1":{"start":{"line":2,"column":2},"end":{"line":2,"column":27}},"2":{"start":{"line":5,"column":2},"end":{"line":15,"column":3}},"3":{"start":{"line":6,"column":20},"end":{"line":6,"column":67}},"4":{"start":{"line":6,"column":57},"end":{"line":6,"column":66}},"5":{"start":{"line":7,"column":4},"end":{"line":14,"column":7}},"6":{"start":{"line":18,"column":2},"end":{"line":27,"column":3}},"7":{"start":{"line":19,"column":18},"end":{"line":19,"column":46}},"8":{"start":{"line":20,"column":4},"end":{"line":26,"column":7}},"9":{"start":{"line":30,"column":2},"end":{"line":38,"column":3}},"10":{"start":{"line":31,"column":4},"end":{"line":37,"column":7}},"11":{"start":{"line":40,"column":2},"end":{"line":48,"column":3}},"12":{"start":{"line":41,"column":4},"end":{"line":47,"column":7}},"13":{"start":{"line":51,"column":23},"end":{"line":51,"column":60}},"14":{"start":{"line":52,"column":2},"end":{"line":58,"column":5}},"15":{"start":{"line":61,"column":0},"end":{"line":61,"column":30}}},"fnMap":{"0":{"name":"(anonymous_0)","decl":{"start":{"line":1,"column":21},"end":{"line":1,"column":22}},"loc":{"start":{"line":1,"column":46},"end":{"line":59,"column":1}},"line":1},"1":{"name":"(anonymous_1)","decl":{"start":{"line":6,"column":50},"end":{"line":6,"column":51}},"loc":{"start":{"line":6,"column":57},"end":{"line":6,"column":66}},"line":6}},"branchMap":{"0":{"loc":{"start":{"line":5,"column":2},"end":{"line":15,"column":3}},"type":"if","locations":[{"start":{"line":5,"column":2},"end":{"line":15,"column":3}},{"start":{},"end":{}}],"line":5},"1":{"loc":{"start":{"line":18,"column":2},"end":{"line":27,"column":3}},"type":"if","locations":[{"start":{"line":18,"column":2},"end":{"line":27,"column":3}},{"start":{},"end":{}}],"line":18},"2":{"loc":{"start":{"line":30,"column":2},"end":{"line":38,"column":3}},"type":"if","locations":[{"start":{"line":30,"column":2},"end":{"line":38,"column":3}},{"start":{},"end":{}}],"line":30},"3":{"loc":{"start":{"line":40,"column":2},"end":{"line":48,"column":3}},"type":"if","locations":[{"start":{"line":40,"column":2},"end":{"line":48,"column":3}},{"start":{},"end":{}}],"line":40},"4":{"loc":{"start":{"line":52,"column":13},"end":{"line":52,"column":34}},"type":"binary-expr","locations":[{"start":{"line":52,"column":13},"end":{"line":52,"column":27}},{"start":{"line":52,"column":31},"end":{"line":52,"column":34}}],"line":52},"5":{"loc":{"start":{"line":55,"column":12},"end":{"line":55,"column":40}},"type":"binary-expr","locations":[{"start":{"line":55,"column":12},"end":{"line":55,"column":20}},{"start":{"line":55,"column":24},"end":{"line":55,"column":40}}],"line":55},"6":{"loc":{"start":{"line":56,"column":15},"end":{"line":56,"column":96}},"type":"cond-expr","locations":[{"start":{"line":56,"column":30},"end":{"line":56,"column":53}},{"start":{"line":56,"column":57},"end":{"line":56,"column":95}}],"line":56},"7":{"loc":{"start":{"line":56,"column":57},"end":{"line":56,"column":95}},"type":"binary-expr","locations":[{"start":{"line":56,"column":57},"end":{"line":56,"column":68}},{"start":{"line":56,"column":72},"end":{"line":56,"column":95}}],"line":56}},"s":{"0":1,"1":9,"2":9,"3":1,"4":2,"5":1,"6":8,"7":1,"8":1,"9":7,"10":1,"11":6,"12":1,"13":5,"14":5,"15":1},"f":{"0":9,"1":2},"b":{"0":[1,8],"1":[1,7],"2":[1,6],"3":[1,5],"4":[5,4],"5":[5,4],"6":[2,3],"7":[3,0]},"_coverageSchema":"1a1c01bbd47fc00a2c39e90264f33305004495a9","hash":"5398f10c1c7021166d15d6f757f3ec3be4eccd61"}
,"C:\\Users\\CHIRAG BAJAJ\\Downloads\\ecommerce_structure-main\\ecommerce_structure-main\\server\\src\\middleware\\sanitize.js": {"path":"C:\\Users\\CHIRAG BAJAJ\\Downloads\\ecommerce_structure-main\\ecommerce_structure-main\\server\\src\\middleware\\sanitize.js","statementMap":{"0":{"start":{"line":1,"column":12},"end":{"line":1,"column":26}},"1":{"start":{"line":3,"column":22},"end":{"line":14,"column":1}},"2":{"start":{"line":4,"column":2},"end":{"line":6,"column":3}},"3":{"start":{"line":5,"column":4},"end":{"line":5,"column":22}},"4":{"start":{"line":7,"column":2},"end":{"line":9,"column":3}},"5":{"start":{"line":8,"column":4},"end":{"line":8,"column":36}},"6":{"start":{"line":10,"column":2},"end":{"line":12,"column":3}},"7":{"start":{"line":11,"column":4},"end":{"line":11,"column":33}},"8":{"start":{"line":13,"column":2},"end":{"line":13,"column":15}},"9":{"start":{"line":16,"column":23},"end":{"line":22,"column":1}},"10":{"start":{"line":17,"column":20},"end":{"line":17,"column":22}},"11":{"start":{"line":18,"column":2},"end":{"line":20,"column":3}},"12":{"start":{"line":19,"column":4},"end":{"line":19,"column":45}},"13":{"start":{"line":21,"column":2},"end":{"line":21,"column":19}},"14":{"start":{"line":24,"column":20},"end":{"line":29,"column":1}},"15":{"start":{"line":25,"column":2},"end":{"line":25,"column":51}},"16":{"start":{"line":25,"column":16},"end":{"line":25,"column":51}},"17":{"start":{"line":26,"column":2},"end":{"line":26,"column":54}},"18":{"start":{"line":26,"column":17},"end":{"line":26,"column":54}},"19":{"start":{"line":27,"column":2},"end":{"line":27,"column":57}},"20":{"start":{"line":27,"column":18},"end":{"line":27,"column":57}},"21":{"start":{"line":28,"column":2},"end":{"line":28,"column":9}},"22":{"start":{"line":31,"column":0},"end":{"line":31,"column":29}}},"fnMap":{"0":{"name":"(anonymous_0)","decl":{"start":{"line":3,"column":22},"end":{"line":3,"column":23}},"loc":{"start":{"line":3,"column":33},"end":{"line":14,"column":1}},"line":3},"1":{"name":"(anonymous_1)","decl":{"start":{"line":16,"column":23},"end":{"line":16,"column":24}},"loc":{"start":{"line":16,"column":32},"end":{"line":22,"column":1}},"line":16},"2":{"name":"(anonymous_2)","decl":{"start":{"line":24,"column":20},"end":{"line":24,"column":21}},"loc":{"start":{"line":24,"column":40},"end":{"line":29,"column":1}},"line":24}},"branchMap":{"0":{"loc":{"start":{"line":4,"column":2},"end":{"line":6,"column":3}},"type":"if","locations":[{"start":{"line":4,"column":2},"end":{"line":6,"column":3}},{"start":{},"end":{}}],"line":4},"1":{"loc":{"start":{"line":7,"column":2},"end":{"line":9,"column":3}},"type":"if","locations":[{"start":{"line":7,"column":2},"end":{"line":9,"column":3}},{"start":{},"end":{}}],"line":7},"2":{"loc":{"start":{"line":10,"column":2},"end":{"line":12,"column":3}},"type":"if","locations":[{"start":{"line":10,"column":2},"end":{"line":12,"column":3}},{"start":{},"end":{}}],"line":10},"3":{"loc":{"start":{"line":10,"column":6},"end":{"line":10,"column":40}},"type":"binary-expr","locations":[{"start":{"line":10,"column":6},"end":{"line":10,"column":11}},{"start":{"line":10,"column":15},"end":{"line":10,"column":40}}],"line":10},"4":{"loc":{"start":{"line":25,"column":2},"end":{"line":25,"column":51}},"type":"if","locations":[{"start":{"line":25,"column":2},"end":{"line":25,"column":51}},{"start":{},"end":{}}],"line":25},"5":{"loc":{"start":{"line":26,"column":2},"end":{"line":26,"column":54}},"type":"if","locations":[{"start":{"line":26,"column":2},"end":{"line":26,"column":54}},{"start":{},"end":{}}],"line":26},"6":{"loc":{"start":{"line":27,"column":2},"end":{"line":27,"column":57}},"type":"if","locations":[{"start":{"line":27,"column":2},"end":{"line":27,"column":57}},{"start":{},"end":{}}],"line":27}},"s":{"0":1,"1":1,"2":55,"3":12,"4":43,"5":1,"6":42,"7":39,"8":3,"9":1,"10":39,"11":39,"12":17,"13":39,"14":1,"15":12,"16":12,"17":12,"18":12,"19":12,"20":12,"21":12,"22":1},"f":{"0":55,"1":39,"2":12},"b":{"0":[12,43],"1":[1,42],"2":[39,3],"3":[42,41],"4":[12,0],"5":[12,0],"6":[12,0]},"_coverageSchema":"1a1c01bbd47fc00a2c39e90264f33305004495a9","hash":"f25101d8645c786c3adf9052a6ed5ed2c3f4b9ba"}
,"C:\\Users\\CHIRAG BAJAJ\\Downloads\\ecommerce_structure-main\\ecommerce_structure-main\\server\\src\\middleware\\validate.js": {"path":"C:\\Users\\CHIRAG BAJAJ\\Downloads\\ecommerce_structure-main\\ecommerce_structure-main\\server\\src\\middleware\\validate.js","statementMap":{"0":{"start":{"line":3,"column":19},"end":{"line":3,"column":47}},"1":{"start":{"line":4,"column":19},"end":{"line":4,"column":29}},"2":{"start":{"line":5,"column":22},"end":{"line":5,"column":104}},"3":{"start":{"line":7,"column":23},"end":{"line":53,"column":1}},"4":{"start":{"line":8,"column":49},"end":{"line":8,"column":57}},"5":{"start":{"line":9,"column":17},"end":{"line":9,"column":19}},"6":{"start":{"line":11,"column":2},"end":{"line":13,"column":3}},"7":{"start":{"line":12,"column":4},"end":{"line":12,"column":36}},"8":{"start":{"line":15,"column":2},"end":{"line":19,"column":3}},"9":{"start":{"line":16,"column":4},"end":{"line":16,"column":43}},"10":{"start":{"line":17,"column":9},"end":{"line":19,"column":3}},"11":{"start":{"line":18,"column":4},"end":{"line":18,"column":54}},"12":{"start":{"line":21,"column":2},"end":{"line":23,"column":3}},"13":{"start":{"line":22,"column":4},"end":{"line":22,"column":51}},"14":{"start":{"line":25,"column":2},"end":{"line":29,"column":3}},"15":{"start":{"line":26,"column":4},"end":{"line":26,"column":40}},"16":{"start":{"line":27,"column":9},"end":{"line":29,"column":3}},"17":{"start":{"line":28,"column":4},"end":{"line":28,"column":109}},"18":{"start":{"line":31,"column":21},"end":{"line":31,"column":50}},"19":{"start":{"line":32,"column":2},"end":{"line":34,"column":3}},"20":{"start":{"line":33,"column":4},"end":{"line":33,"column":62}},"21":{"start":{"line":36,"column":2},"end":{"line":45,"column":3}},"22":{"start":{"line":37,"column":4},"end":{"line":44,"column":7}},"23":{"start":{"line":48,"column":2},"end":{"line":48,"column":30}},"24":{"start":{"line":49,"column":2},"end":{"line":49,"column":46}},"25":{"start":{"line":50,"column":2},"end":{"line":50,"column":32}},"26":{"start":{"line":52,"column":2},"end":{"line":52,"column":9}},"27":{"start":{"line":55,"column":22},"end":{"line":80,"column":1}},"28":{"start":{"line":56,"column":30},"end":{"line":56,"column":38}},"29":{"start":{"line":57,"column":17},"end":{"line":57,"column":19}},"30":{"start":{"line":59,"column":2},"end":{"line":61,"column":3}},"31":{"start":{"line":60,"column":4},"end":{"line":60,"column":43}},"32":{"start":{"line":63,"column":2},"end":{"line":65,"column":3}},"33":{"start":{"line":64,"column":4},"end":{"line":64,"column":40}},"34":{"start":{"line":67,"column":2},"end":{"line":76,"column":3}},"35":{"start":{"line":68,"column":4},"end":{"line":75,"column":7}},"36":{"start":{"line":78,"column":2},"end":{"line":78,"column":46}},"37":{"start":{"line":79,"column":2},"end":{"line":79,"column":9}},"38":{"start":{"line":83,"column":24},"end":{"line":92,"column":1}},"39":{"start":{"line":84,"column":2},"end":{"line":91,"column":5}},"40":{"start":{"line":95,"column":25},"end":{"line":108,"column":1}},"41":{"start":{"line":96,"column":24},"end":{"line":96,"column":43}},"42":{"start":{"line":97,"column":2},"end":{"line":107,"column":4}},"43":{"start":{"line":98,"column":19},"end":{"line":98,"column":21}},"44":{"start":{"line":99,"column":4},"end":{"line":104,"column":5}},"45":{"start":{"line":100,"column":20},"end":{"line":100,"column":37}},"46":{"start":{"line":101,"column":6},"end":{"line":103,"column":7}},"47":{"start":{"line":102,"column":8},"end":{"line":102,"column":47}},"48":{"start":{"line":105,"column":4},"end":{"line":105,"column":63}},"49":{"start":{"line":105,"column":27},"end":{"line":105,"column":63}},"50":{"start":{"line":106,"column":4},"end":{"line":106,"column":11}},"51":{"start":{"line":111,"column":20},"end":{"line":113,"column":1}},"52":{"start":{"line":112,"column":2},"end":{"line":112,"column":52}},"53":{"start":{"line":116,"column":23},"end":{"line":123,"column":1}},"54":{"start":{"line":117,"column":16},"end":{"line":117,"column":25}},"55":{"start":{"line":118,"column":2},"end":{"line":121,"column":3}},"56":{"start":{"line":119,"column":4},"end":{"line":119,"column":27}},"57":{"start":{"line":120,"column":4},"end":{"line":120,"column":48}},"58":{"start":{"line":122,"column":2},"end":{"line":122,"column":9}},"59":{"start":{"line":126,"column":24},"end":{"line":144,"column":1}},"60":{"start":{"line":127,"column":62},"end":{"line":127,"column":70}},"61":{"start":{"line":128,"column":17},"end":{"line":128,"column":19}},"62":{"start":{"line":130,"column":2},"end":{"line":130,"column":73}},"63":{"start":{"line":130,"column":41},"end":{"line":130,"column":73}},"64":{"start":{"line":131,"column":2},"end":{"line":131,"column":88}},"65":{"start":{"line":131,"column":41},"end":{"line":131,"column":88}},"66":{"start":{"line":132,"column":2},"end":{"line":132,"column":99}},"67":{"start":{"line":132,"column":57},"end":{"line":132,"column":99}},"68":{"start":{"line":133,"column":2},"end":{"line":133,"column":73}},"69":{"start":{"line":133,"column":41},"end":{"line":133,"column":73}},"70":{"start":{"line":134,"column":2},"end":{"line":134,"column":76}},"71":{"start":{"line":134,"column":43},"end":{"line":134,"column":76}},"72":{"start":{"line":135,"column":2},"end":{"line":135,"column":92}},"73":{"start":{"line":135,"column":44},"end":{"line":135,"column":92}},"74":{"start":{"line":137,"column":2},"end":{"line":137,"column":61}},"75":{"start":{"line":137,"column":25},"end":{"line":137,"column":61}},"76":{"start":{"line":139,"column":2},"end":{"line":139,"column":30}},"77":{"start":{"line":140,"column":2},"end":{"line":140,"column":46}},"78":{"start":{"line":141,"column":2},"end":{"line":141,"column":30}},"79":{"start":{"line":142,"column":2},"end":{"line":142,"column":32}},"80":{"start":{"line":143,"column":2},"end":{"line":143,"column":9}},"81":{"start":{"line":147,"column":25},"end":{"line":159,"column":1}},"82":{"start":{"line":148,"column":39},"end":{"line":148,"column":47}},"83":{"start":{"line":149,"column":17},"end":{"line":149,"column":19}},"84":{"start":{"line":150,"column":24},"end":{"line":150,"column":43}},"85":{"start":{"line":152,"column":2},"end":{"line":152,"column":93}},"86":{"start":{"line":152,"column":52},"end":{"line":152,"column":93}},"87":{"start":{"line":153,"column":2},"end":{"line":155,"column":3}},"88":{"start":{"line":154,"column":4},"end":{"line":154,"column":73}},"89":{"start":{"line":157,"column":2},"end":{"line":157,"column":61}},"90":{"start":{"line":157,"column":25},"end":{"line":157,"column":61}},"91":{"start":{"line":158,"column":2},"end":{"line":158,"column":9}},"92":{"start":{"line":162,"column":24},"end":{"line":174,"column":1}},"93":{"start":{"line":163,"column":34},"end":{"line":163,"column":42}},"94":{"start":{"line":164,"column":17},"end":{"line":164,"column":19}},"95":{"start":{"line":165,"column":24},"end":{"line":165,"column":43}},"96":{"start":{"line":167,"column":2},"end":{"line":167,"column":96}},"97":{"start":{"line":167,"column":52},"end":{"line":167,"column":96}},"98":{"start":{"line":168,"column":2},"end":{"line":170,"column":3}},"99":{"start":{"line":169,"column":4},"end":{"line":169,"column":55}},"100":{"start":{"line":172,"column":2},"end":{"line":172,"column":61}},"101":{"start":{"line":172,"column":25},"end":{"line":172,"column":61}},"102":{"start":{"line":173,"column":2},"end":{"line":173,"column":9}},"103":{"start":{"line":177,"column":25},"end":{"line":190,"column":1}},"104":{"start":{"line":178,"column":23},"end":{"line":178,"column":31}},"105":{"start":{"line":179,"column":17},"end":{"line":179,"column":19}},"106":{"start":{"line":181,"column":2},"end":{"line":183,"column":3}},"107":{"start":{"line":182,"column":4},"end":{"line":182,"column":59}},"108":{"start":{"line":184,"column":2},"end":{"line":186,"column":3}},"109":{"start":{"line":185,"column":4},"end":{"line":185,"column":61}},"110":{"start":{"line":188,"column":2},"end":{"line":188,"column":61}},"111":{"start":{"line":188,"column":25},"end":{"line":188,"column":61}},"112":{"start":{"line":189,"column":2},"end":{"line":189,"column":9}},"113":{"start":{"line":193,"column":24},"end":{"line":208,"column":1}},"114":{"start":{"line":194,"column":81},"end":{"line":194,"column":89}},"115":{"start":{"line":195,"column":17},"end":{"line":195,"column":19}},"116":{"start":{"line":197,"column":17},"end":{"line":197,"column":87}},"117":{"start":{"line":198,"column":2},"end":{"line":204,"column":3}},"118":{"start":{"line":199,"column":4},"end":{"line":203,"column":5}},"119":{"start":{"line":200,"column":6},"end":{"line":202,"column":7}},"120":{"start":{"line":201,"column":8},"end":{"line":201,"column":62}},"121":{"start":{"line":206,"column":2},"end":{"line":206,"column":61}},"122":{"start":{"line":206,"column":25},"end":{"line":206,"column":61}},"123":{"start":{"line":207,"column":2},"end":{"line":207,"column":9}},"124":{"start":{"line":211,"column":24},"end":{"line":223,"column":1}},"125":{"start":{"line":212,"column":30},"end":{"line":212,"column":38}},"126":{"start":{"line":213,"column":17},"end":{"line":213,"column":19}},"127":{"start":{"line":214,"column":24},"end":{"line":214,"column":43}},"128":{"start":{"line":216,"column":2},"end":{"line":216,"column":90}},"129":{"start":{"line":216,"column":48},"end":{"line":216,"column":90}},"130":{"start":{"line":217,"column":2},"end":{"line":219,"column":3}},"131":{"start":{"line":218,"column":4},"end":{"line":218,"column":73}},"132":{"start":{"line":221,"column":2},"end":{"line":221,"column":61}},"133":{"start":{"line":221,"column":25},"end":{"line":221,"column":61}},"134":{"start":{"line":222,"column":2},"end":{"line":222,"column":9}},"135":{"start":{"line":225,"column":0},"end":{"line":237,"column":2}}},"fnMap":{"0":{"name":"(anonymous_0)","decl":{"start":{"line":7,"column":23},"end":{"line":7,"column":24}},"loc":{"start":{"line":7,"column":43},"end":{"line":53,"column":1}},"line":7},"1":{"name":"(anonymous_1)","decl":{"start":{"line":55,"column":22},"end":{"line":55,"column":23}},"loc":{"start":{"line":55,"column":42},"end":{"line":80,"column":1}},"line":55},"2":{"name":"(anonymous_2)","decl":{"start":{"line":83,"column":24},"end":{"line":83,"column":25}},"loc":{"start":{"line":83,"column":41},"end":{"line":92,"column":1}},"line":83},"3":{"name":"(anonymous_3)","decl":{"start":{"line":95,"column":25},"end":{"line":95,"column":26}},"loc":{"start":{"line":95,"column":44},"end":{"line":108,"column":1}},"line":95},"4":{"name":"(anonymous_4)","decl":{"start":{"line":97,"column":9},"end":{"line":97,"column":10}},"loc":{"start":{"line":97,"column":29},"end":{"line":107,"column":3}},"line":97},"5":{"name":"(anonymous_5)","decl":{"start":{"line":111,"column":20},"end":{"line":111,"column":21}},"loc":{"start":{"line":111,"column":29},"end":{"line":113,"column":1}},"line":111},"6":{"name":"(anonymous_6)","decl":{"start":{"line":116,"column":23},"end":{"line":116,"column":24}},"loc":{"start":{"line":116,"column":43},"end":{"line":123,"column":1}},"line":116},"7":{"name":"(anonymous_7)","decl":{"start":{"line":126,"column":24},"end":{"line":126,"column":25}},"loc":{"start":{"line":126,"column":44},"end":{"line":144,"column":1}},"line":126},"8":{"name":"(anonymous_8)","decl":{"start":{"line":147,"column":25},"end":{"line":147,"column":26}},"loc":{"start":{"line":147,"column":45},"end":{"line":159,"column":1}},"line":147},"9":{"name":"(anonymous_9)","decl":{"start":{"line":162,"column":24},"end":{"line":162,"column":25}},"loc":{"start":{"line":162,"column":44},"end":{"line":174,"column":1}},"line":162},"10":{"name":"(anonymous_10)","decl":{"start":{"line":177,"column":25},"end":{"line":177,"column":26}},"loc":{"start":{"line":177,"column":45},"end":{"line":190,"column":1}},"line":177},"11":{"name":"(anonymous_11)","decl":{"start":{"line":193,"column":24},"end":{"line":193,"column":25}},"loc":{"start":{"line":193,"column":44},"end":{"line":208,"column":1}},"line":193},"12":{"name":"(anonymous_12)","decl":{"start":{"line":211,"column":24},"end":{"line":211,"column":25}},"loc":{"start":{"line":211,"column":44},"end":{"line":223,"column":1}},"line":211}},"branchMap":{"0":{"loc":{"start":{"line":11,"column":2},"end":{"line":13,"column":3}},"type":"if","locations":[{"start":{"line":11,"column":2},"end":{"line":13,"column":3}},{"start":{},"end":{}}],"line":11},"1":{"loc":{"start":{"line":11,"column":6},"end":{"line":11,"column":39}},"type":"binary-expr","locations":[{"start":{"line":11,"column":6},"end":{"line":11,"column":11}},{"start":{"line":11,"column":15},"end":{"line":11,"column":39}}],"line":11},"2":{"loc":{"start":{"line":15,"column":2},"end":{"line":19,"column":3}},"type":"if","locations":[{"start":{"line":15,"column":2},"end":{"line":19,"column":3}},{"start":{"line":17,"column":9},"end":{"line":19,"column":3}}],"line":15},"3":{"loc":{"start":{"line":15,"column":6},"end":{"line":15,"column":39}},"type":"binary-expr","locations":[{"start":{"line":15,"column":6},"end":{"line":15,"column":12}},{"start":{"line":15,"column":16},"end":{"line":15,"column":39}}],"line":15},"4":{"loc":{"start":{"line":17,"column":9},"end":{"line":19,"column":3}},"type":"if","locations":[{"start":{"line":17,"column":9},"end":{"line":19,"column":3}},{"start":{},"end":{}}],"line":17},"5":{"loc":{"start":{"line":21,"column":2},"end":{"line":23,"column":3}},"type":"if","locations":[{"start":{"line":21,"column":2},"end":{"line":23,"column":3}},{"start":{},"end":{}}],"line":21},"6":{"loc":{"start":{"line":21,"column":6},"end":{"line":21,"column":39}},"type":"binary-expr","locations":[{"start":{"line":21,"column":6},"end":{"line":21,"column":12}},{"start":{"line":21,"column":16},"end":{"line":21,"column":39}}],"line":21},"7":{"loc":{"start":{"line":25,"column":2},"end":{"line":29,"column":3}},"type":"if","locations":[{"start":{"line":25,"column":2},"end":{"line":29,"column":3}},{"start":{"line":27,"column":9},"end":{"line":29,"column":3}}],"line":25},"8":{"loc":{"start":{"line":27,"column":9},"end":{"line":29,"column":3}},"type":"if","locations":[{"start":{"line":27,"column":9},"end":{"line":29,"column":3}},{"start":{},"end":{}}],"line":27},"9":{"loc":{"start":{"line":32,"column":2},"end":{"line":34,"column":3}},"type":"if","locations":[{"start":{"line":32,"column":2},"end":{"line":34,"column":3}},{"start":{},"end":{}}],"line":32},"10":{"loc":{"start":{"line":32,"column":6},"end":{"line":32,"column":41}},"type":"binary-expr","locations":[{"start":{"line":32,"column":6},"end":{"line":32,"column":11}},{"start":{"line":32,"column":15},"end":{"line":32,"column":41}}],"line":32},"11":{"loc":{"start":{"line":36,"column":2},"end":{"line":45,"column":3}},"type":"if","locations":[{"start":{"line":36,"column":2},"end":{"line":45,"column":3}},{"start":{},"end":{}}],"line":36},"12":{"loc":{"start":{"line":59,"column":2},"end":{"line":61,"column":3}},"type":"if","locations":[{"start":{"line":59,"column":2},"end":{"line":61,"column":3}},{"start":{},"end":{}}],"line":59},"13":{"loc":{"start":{"line":59,"column":6},"end":{"line":59,"column":39}},"type":"binary-expr","locations":[{"start":{"line":59,"column":6},"end":{"line":59,"column":12}},{"start":{"line":59,"column":16},"end":{"line":59,"column":39}}],"line":59},"14":{"loc":{"start":{"line":63,"column":2},"end":{"line":65,"column":3}},"type":"if","locations":[{"start":{"line":63,"column":2},"end":{"line":65,"column":3}},{"start":{},"end":{}}],"line":63},"15":{"loc":{"start":{"line":67,"column":2},"end":{"line":76,"column":3}},"type":"if","locations":[{"start":{"line":67,"column":2},"end":{"line":76,"column":3}},{"start":{},"end":{}}],"line":67},"16":{"loc":{"start":{"line":101,"column":6},"end":{"line":103,"column":7}},"type":"if","locations":[{"start":{"line":101,"column":6},"end":{"line":103,"column":7}},{"start":{},"end":{}}],"line":101},"17":{"loc":{"start":{"line":101,"column":10},"end":{"line":101,"column":45}},"type":"binary-expr","locations":[{"start":{"line":101,"column":10},"end":{"line":101,"column":15}},{"start":{"line":101,"column":19},"end":{"line":101,"column":45}}],"line":101},"18":{"loc":{"start":{"line":105,"column":4},"end":{"line":105,"column":63}},"type":"if","locations":[{"start":{"line":105,"column":4},"end":{"line":105,"column":63}},{"start":{},"end":{}}],"line":105},"19":{"loc":{"start":{"line":118,"column":2},"end":{"line":121,"column":3}},"type":"if","locations":[{"start":{"line":118,"column":2},"end":{"line":121,"column":3}},{"start":{},"end":{}}],"line":118},"20":{"loc":{"start":{"line":118,"column":6},"end":{"line":118,"column":32}},"type":"binary-expr","locations":[{"start":{"line":118,"column":6},"end":{"line":118,"column":7}},{"start":{"line":118,"column":11},"end":{"line":118,"column":32}}],"line":118},"21":{"loc":{"start":{"line":130,"column":2},"end":{"line":130,"column":73}},"type":"if","locations":[{"start":{"line":130,"column":2},"end":{"line":130,"column":73}},{"start":{},"end":{}}],"line":130},"22":{"loc":{"start":{"line":130,"column":6},"end":{"line":130,"column":39}},"type":"binary-expr","locations":[{"start":{"line":130,"column":6},"end":{"line":130,"column":11}},{"start":{"line":130,"column":15},"end":{"line":130,"column":39}}],"line":130},"23":{"loc":{"start":{"line":131,"column":2},"end":{"line":131,"column":88}},"type":"if","locations":[{"start":{"line":131,"column":2},"end":{"line":131,"column":88}},{"start":{},"end":{}}],"line":131},"24":{"loc":{"start":{"line":131,"column":6},"end":{"line":131,"column":39}},"type":"binary-expr","locations":[{"start":{"line":131,"column":6},"end":{"line":131,"column":12}},{"start":{"line":131,"column":16},"end":{"line":131,"column":39}}],"line":131},"25":{"loc":{"start":{"line":132,"column":2},"end":{"line":132,"column":99}},"type":"if","locations":[{"start":{"line":132,"column":2},"end":{"line":132,"column":99}},{"start":{},"end":{}}],"line":132},"26":{"loc":{"start":{"line":132,"column":6},"end":{"line":132,"column":55}},"type":"binary-expr","locations":[{"start":{"line":132,"column":6},"end":{"line":132,"column":19}},{"start":{"line":132,"column":23},"end":{"line":132,"column":55}}],"line":132},"27":{"loc":{"start":{"line":133,"column":2},"end":{"line":133,"column":73}},"type":"if","locations":[{"start":{"line":133,"column":2},"end":{"line":133,"column":73}},{"start":{},"end":{}}],"line":133},"28":{"loc":{"start":{"line":133,"column":6},"end":{"line":133,"column":39}},"type":"binary-expr","locations":[{"start":{"line":133,"column":6},"end":{"line":133,"column":11}},{"start":{"line":133,"column":15},"end":{"line":133,"column":39}}],"line":133},"29":{"loc":{"start":{"line":134,"column":2},"end":{"line":134,"column":76}},"type":"if","locations":[{"start":{"line":134,"column":2},"end":{"line":134,"column":76}},{"start":{},"end":{}}],"line":134},"30":{"loc":{"start":{"line":134,"column":6},"end":{"line":134,"column":41}},"type":"binary-expr","locations":[{"start":{"line":134,"column":6},"end":{"line":134,"column":12}},{"start":{"line":134,"column":16},"end":{"line":134,"column":41}}],"line":134},"31":{"loc":{"start":{"line":135,"column":2},"end":{"line":135,"column":92}},"type":"if","locations":[{"start":{"line":135,"column":2},"end":{"line":135,"column":92}},{"start":{},"end":{}}],"line":135},"32":{"loc":{"start":{"line":135,"column":6},"end":{"line":135,"column":42}},"type":"binary-expr","locations":[{"start":{"line":135,"column":6},"end":{"line":135,"column":14}},{"start":{"line":135,"column":18},"end":{"line":135,"column":42}}],"line":135},"33":{"loc":{"start":{"line":137,"column":2},"end":{"line":137,"column":61}},"type":"if","locations":[{"start":{"line":137,"column":2},"end":{"line":137,"column":61}},{"start":{},"end":{}}],"line":137},"34":{"loc":{"start":{"line":152,"column":2},"end":{"line":152,"column":93}},"type":"if","locations":[{"start":{"line":152,"column":2},"end":{"line":152,"column":93}},{"start":{},"end":{}}],"line":152},"35":{"loc":{"start":{"line":152,"column":6},"end":{"line":152,"column":50}},"type":"binary-expr","locations":[{"start":{"line":152,"column":6},"end":{"line":152,"column":16}},{"start":{"line":152,"column":20},"end":{"line":152,"column":50}}],"line":152},"36":{"loc":{"start":{"line":153,"column":2},"end":{"line":155,"column":3}},"type":"if","locations":[{"start":{"line":153,"column":2},"end":{"line":155,"column":3}},{"start":{},"end":{}}],"line":153},"37":{"loc":{"start":{"line":153,"column":6},"end":{"line":153,"column":79}},"type":"binary-expr","locations":[{"start":{"line":153,"column":6},"end":{"line":153,"column":20}},{"start":{"line":153,"column":24},"end":{"line":153,"column":79}}],"line":153},"38":{"loc":{"start":{"line":157,"column":2},"end":{"line":157,"column":61}},"type":"if","locations":[{"start":{"line":157,"column":2},"end":{"line":157,"column":61}},{"start":{},"end":{}}],"line":157},"39":{"loc":{"start":{"line":167,"column":2},"end":{"line":167,"column":96}},"type":"if","locations":[{"start":{"line":167,"column":2},"end":{"line":167,"column":96}},{"start":{},"end":{}}],"line":167},"40":{"loc":{"start":{"line":167,"column":6},"end":{"line":167,"column":50}},"type":"binary-expr","locations":[{"start":{"line":167,"column":6},"end":{"line":167,"column":16}},{"start":{"line":167,"column":20},"end":{"line":167,"column":50}}],"line":167},"41":{"loc":{"start":{"line":168,"column":2},"end":{"line":170,"column":3}},"type":"if","locations":[{"start":{"line":168,"column":2},"end":{"line":170,"column":3}},{"start":{},"end":{}}],"line":168},"42":{"loc":{"start":{"line":168,"column":6},"end":{"line":168,"column":77}},"type":"binary-expr","locations":[{"start":{"line":168,"column":6},"end":{"line":168,"column":28}},{"start":{"line":168,"column":33},"end":{"line":168,"column":60}},{"start":{"line":168,"column":64},"end":{"line":168,"column":76}}],"line":168},"43":{"loc":{"start":{"line":172,"column":2},"end":{"line":172,"column":61}},"type":"if","locations":[{"start":{"line":172,"column":2},"end":{"line":172,"column":61}},{"start":{},"end":{}}],"line":172},"44":{"loc":{"start":{"line":181,"column":2},"end":{"line":183,"column":3}},"type":"if","locations":[{"start":{"line":181,"column":2},"end":{"line":183,"column":3}},{"start":{},"end":{}}],"line":181},"45":{"loc":{"start":{"line":181,"column":6},"end":{"line":181,"column":69}},"type":"binary-expr","locations":[{"start":{"line":181,"column":6},"end":{"line":181,"column":17}},{"start":{"line":181,"column":21},"end":{"line":181,"column":44}},{"start":{"line":181,"column":48},"end":{"line":181,"column":57}},{"start":{"line":181,"column":61},"end":{"line":181,"column":69}}],"line":181},"46":{"loc":{"start":{"line":184,"column":2},"end":{"line":186,"column":3}},"type":"if","locations":[{"start":{"line":184,"column":2},"end":{"line":186,"column":3}},{"start":{},"end":{}}],"line":184},"47":{"loc":{"start":{"line":184,"column":6},"end":{"line":184,"column":71}},"type":"binary-expr","locations":[{"start":{"line":184,"column":6},"end":{"line":184,"column":17}},{"start":{"line":184,"column":21},"end":{"line":184,"column":44}},{"start":{"line":184,"column":48},"end":{"line":184,"column":58}},{"start":{"line":184,"column":62},"end":{"line":184,"column":71}}],"line":184},"48":{"loc":{"start":{"line":188,"column":2},"end":{"line":188,"column":61}},"type":"if","locations":[{"start":{"line":188,"column":2},"end":{"line":188,"column":61}},{"start":{},"end":{}}],"line":188},"49":{"loc":{"start":{"line":199,"column":4},"end":{"line":203,"column":5}},"type":"if","locations":[{"start":{"line":199,"column":4},"end":{"line":203,"column":5}},{"start":{},"end":{}}],"line":199},"50":{"loc":{"start":{"line":200,"column":6},"end":{"line":202,"column":7}},"type":"if","locations":[{"start":{"line":200,"column":6},"end":{"line":202,"column":7}},{"start":{},"end":{}}],"line":200},"51":{"loc":{"start":{"line":200,"column":10},"end":{"line":200,"column":48}},"type":"binary-expr","locations":[{"start":{"line":200,"column":10},"end":{"line":200,"column":35}},{"start":{"line":200,"column":39},"end":{"line":200,"column":48}}],"line":200},"52":{"loc":{"start":{"line":206,"column":2},"end":{"line":206,"column":61}},"type":"if","locations":[{"start":{"line":206,"column":2},"end":{"line":206,"column":61}},{"start":{},"end":{}}],"line":206},"53":{"loc":{"start":{"line":216,"column":2},"end":{"line":216,"column":90}},"type":"if","locations":[{"start":{"line":216,"column":2},"end":{"line":216,"column":90}},{"start":{},"end":{}}],"line":216},"54":{"loc":{"start":{"line":216,"column":6},"end":{"line":216,"column":46}},"type":"binary-expr","locations":[{"start":{"line":216,"column":6},"end":{"line":216,"column":14}},{"start":{"line":216,"column":18},"end":{"line":216,"column":46}}],"line":216},"55":{"loc":{"start":{"line":217,"column":2},"end":{"line":219,"column":3}},"type":"if","locations":[{"start":{"line":217,"column":2},"end":{"line":219,"column":3}},{"start":{},"end":{}}],"line":217},"56":{"loc":{"start":{"line":217,"column":6},"end":{"line":217,"column":65}},"type":"binary-expr","locations":[{"start":{"line":217,"column":6},"end":{"line":217,"column":13}},{"start":{"line":217,"column":17},"end":{"line":217,"column":65}}],"line":217},"57":{"loc":{"start":{"line":221,"column":2},"end":{"line":221,"column":61}},"type":"if","locations":[{"start":{"line":221,"column":2},"end":{"line":221,"column":61}},{"start":{},"end":{}}],"line":221}},"s":{"0":1,"1":1,"2":1,"3":1,"4":7,"5":7,"6":7,"7":1,"8":7,"9":1,"10":6,"11":0,"12":7,"13":1,"14":7,"15":0,"16":7,"17":1,"18":7,"19":7,"20":1,"21":7,"22":5,"23":2,"24":2,"25":2,"26":2,"27":1,"28":3,"29":3,"30":3,"31":1,"32":3,"33":1,"34":3,"35":2,"36":1,"37":1,"38":1,"39":24,"40":1,"41":4,"42":4,"43":4,"44":4,"45":5,"46":5,"47":3,"48":4,"49":3,"50":1,"51":1,"52":5,"53":1,"54":3,"55":3,"56":2,"57":2,"58":3,"59":1,"60":8,"61":8,"62":8,"63":1,"64":8,"65":1,"66":8,"67":1,"68":8,"69":1,"70":8,"71":1,"72":8,"73":1,"74":8,"75":6,"76":2,"77":2,"78":2,"79":2,"80":2,"81":1,"82":6,"83":6,"84":6,"85":6,"86":1,"87":6,"88":1,"89":6,"90":2,"91":4,"92":1,"93":6,"94":6,"95":6,"96":6,"97":1,"98":6,"99":3,"100":6,"101":4,"102":2,"103":1,"104":6,"105":6,"106":6,"107":2,"108":6,"109":2,"110":6,"111":4,"112":2,"113":1,"114":5,"115":5,"116":5,"117":5,"118":20,"119":8,"120":2,"121":5,"122":2,"123":3,"124":1,"125":4,"126":4,"127":4,"128":4,"129":2,"130":4,"131":1,"132":4,"133":3,"134":1,"135":1},"f":{"0":7,"1":3,"2":24,"3":4,"4":4,"5":5,"6":3,"7":8,"8":6,"9":6,"10":6,"11":5,"12":4},"b":{"0":[1,6],"1":[7,6],"2":[1,6],"3":[7,7],"4":[0,6],"5":[1,6],"6":[7,7],"7":[0,7],"8":[1,6],"9":[1,6],"10":[7,7],"11":[5,2],"12":[1,2],"13":[3,2],"14":[1,2],"15":[2,1],"16":[3,2],"17":[5,5],"18":[3,1],"19":[2,1],"20":[3,2],"21":[1,7],"22":[8,7],"23":[1,7],"24":[8,8],"25":[1,7],"26":[8,7],"27":[1,7],"28":[8,7],"29":[1,7],"30":[8,7],"31":[1,7],"32":[8,8],"33":[6,2],"34":[1,5],"35":[6,6],"36":[1,5],"37":[6,6],"38":[2,4],"39":[1,5],"40":[6,6],"41":[3,3],"42":[6,5,4],"43":[4,2],"44":[2,4],"45":[6,6,5,5],"46":[2,4],"47":[6,5,5,5],"48":[4,2],"49":[8,12],"50":[2,6],"51":[8,7],"52":[2,3],"53":[2,2],"54":[4,3],"55":[1,3],"56":[4,4],"57":[3,1]},"_coverageSchema":"1a1c01bbd47fc00a2c39e90264f33305004495a9","hash":"b0e9367310bff8caed35afe30ff09eca3973d054"}
,"C:\\Users\\CHIRAG BAJAJ\\Downloads\\ecommerce_structure-main\\ecommerce_structure-main\\server\\src\\models\\User.js": {"path":"C:\\Users\\CHIRAG BAJAJ\\Downloads\\ecommerce_structure-main\\ecommerce_structure-main\\server\\src\\models\\User.js","statementMap":{"0":{"start":{"line":1,"column":17},"end":{"line":1,"column":36}},"1":{"start":{"line":2,"column":15},"end":{"line":2,"column":32}},"2":{"start":{"line":4,"column":19},"end":{"line":54,"column":1}},"3":{"start":{"line":57,"column":0},"end":{"line":61,"column":3}},"4":{"start":{"line":58,"column":2},"end":{"line":58,"column":50}},"5":{"start":{"line":58,"column":36},"end":{"line":58,"column":50}},"6":{"start":{"line":59,"column":2},"end":{"line":59,"column":55}},"7":{"start":{"line":60,"column":2},"end":{"line":60,"column":9}},"8":{"start":{"line":64,"column":0},"end":{"line":66,"column":2}},"9":{"start":{"line":65,"column":2},"end":{"line":65,"column":58}},"10":{"start":{"line":69,"column":0},"end":{"line":73,"column":2}},"11":{"start":{"line":70,"column":14},"end":{"line":70,"column":29}},"12":{"start":{"line":71,"column":2},"end":{"line":71,"column":22}},"13":{"start":{"line":72,"column":2},"end":{"line":72,"column":13}},"14":{"start":{"line":75,"column":0},"end":{"line":75,"column":52}}},"fnMap":{"0":{"name":"(anonymous_0)","decl":{"start":{"line":57,"column":23},"end":{"line":57,"column":24}},"loc":{"start":{"line":57,"column":45},"end":{"line":61,"column":1}},"line":57},"1":{"name":"(anonymous_1)","decl":{"start":{"line":64,"column":37},"end":{"line":64,"column":38}},"loc":{"start":{"line":64,"column":72},"end":{"line":66,"column":1}},"line":64},"2":{"name":"(anonymous_2)","decl":{"start":{"line":69,"column":28},"end":{"line":69,"column":29}},"loc":{"start":{"line":69,"column":40},"end":{"line":73,"column":1}},"line":69}},"branchMap":{"0":{"loc":{"start":{"line":58,"column":2},"end":{"line":58,"column":50}},"type":"if","locations":[{"start":{"line":58,"column":2},"end":{"line":58,"column":50}},{"start":{},"end":{}}],"line":58}},"s":{"0":1,"1":1,"2":1,"3":1,"4":0,"5":0,"6":0,"7":0,"8":1,"9":0,"10":1,"11":0,"12":0,"13":0,"14":1},"f":{"0":0,"1":0,"2":0},"b":{"0":[0,0]},"_coverageSchema":"1a1c01bbd47fc00a2c39e90264f33305004495a9","hash":"059731bbb11f4536316ffe2b7cdfa1c4751505cc"}
}
