TN:
SF:src\middleware\auth.js
FN:6,(anonymous_0)
FN:42,(anonymous_1)
FN:43,(anonymous_2)
FN:69,(anonymous_3)
FNF:4
FNH:4
FNDA:6,(anonymous_0)
FNDA:7,(anonymous_1)
FNDA:7,(anonymous_2)
FNDA:5,(anonymous_3)
DA:1,1
DA:2,1
DA:3,1
DA:6,1
DA:7,6
DA:8,6
DA:10,6
DA:11,2
DA:20,4
DA:21,4
DA:23,2
DA:24,2
DA:25,1
DA:34,1
DA:35,1
DA:37,2
DA:42,1
DA:43,7
DA:44,7
DA:45,1
DA:54,6
DA:55,2
DA:64,4
DA:69,1
DA:70,5
DA:71,5
DA:73,5
DA:74,4
DA:75,4
DA:76,2
DA:77,2
DA:80,3
DA:83,2
DA:87,1
LF:34
LH:34
BRDA:10,0,0,2
BRDA:10,0,1,4
BRDA:10,1,0,6
BRDA:10,1,1,5
BRDA:24,2,0,1
BRDA:24,2,1,1
BRDA:44,3,0,1
BRDA:44,3,1,6
BRDA:54,4,0,2
BRDA:54,4,1,4
BRDA:73,5,0,4
BRDA:73,5,1,1
BRDA:73,6,0,5
BRDA:73,6,1,4
BRDA:77,7,0,1
BRDA:77,7,1,1
BRF:16
BRH:16
end_of_record
TN:
SF:src\middleware\errorHandler.js
FN:1,(anonymous_0)
FN:6,(anonymous_1)
FNF:2
FNH:2
FNDA:9,(anonymous_0)
FNDA:2,(anonymous_1)
DA:1,1
DA:2,9
DA:5,9
DA:6,2
DA:7,1
DA:18,8
DA:19,1
DA:20,1
DA:30,7
DA:31,1
DA:40,6
DA:41,1
DA:51,5
DA:52,5
DA:61,1
LF:15
LH:15
BRDA:5,0,0,1
BRDA:5,0,1,8
BRDA:18,1,0,1
BRDA:18,1,1,7
BRDA:30,2,0,1
BRDA:30,2,1,6
BRDA:40,3,0,1
BRDA:40,3,1,5
BRDA:52,4,0,5
BRDA:52,4,1,4
BRDA:55,5,0,5
BRDA:55,5,1,4
BRDA:56,6,0,2
BRDA:56,6,1,3
BRDA:56,7,0,3
BRDA:56,7,1,0
BRF:16
BRH:15
end_of_record
TN:
SF:src\middleware\sanitize.js
FN:3,(anonymous_0)
FN:16,(anonymous_1)
FN:24,(anonymous_2)
FNF:3
FNH:3
FNDA:55,(anonymous_0)
FNDA:39,(anonymous_1)
FNDA:12,(anonymous_2)
DA:1,1
DA:3,1
DA:4,55
DA:5,12
DA:7,43
DA:8,1
DA:10,42
DA:11,39
DA:13,3
DA:16,1
DA:17,39
DA:18,39
DA:19,17
DA:21,39
DA:24,1
DA:25,12
DA:26,12
DA:27,12
DA:28,12
DA:31,1
LF:20
LH:20
BRDA:4,0,0,12
BRDA:4,0,1,43
BRDA:7,1,0,1
BRDA:7,1,1,42
BRDA:10,2,0,39
BRDA:10,2,1,3
BRDA:10,3,0,42
BRDA:10,3,1,41
BRDA:25,4,0,12
BRDA:25,4,1,0
BRDA:26,5,0,12
BRDA:26,5,1,0
BRDA:27,6,0,12
BRDA:27,6,1,0
BRF:14
BRH:11
end_of_record
TN:
SF:src\middleware\validate.js
FN:7,(anonymous_0)
FN:55,(anonymous_1)
FN:83,(anonymous_2)
FN:95,(anonymous_3)
FN:97,(anonymous_4)
FN:111,(anonymous_5)
FN:116,(anonymous_6)
FN:126,(anonymous_7)
FN:147,(anonymous_8)
FN:162,(anonymous_9)
FN:177,(anonymous_10)
FN:193,(anonymous_11)
FN:211,(anonymous_12)
FNF:13
FNH:13
FNDA:7,(anonymous_0)
FNDA:3,(anonymous_1)
FNDA:24,(anonymous_2)
FNDA:4,(anonymous_3)
FNDA:4,(anonymous_4)
FNDA:5,(anonymous_5)
FNDA:3,(anonymous_6)
FNDA:8,(anonymous_7)
FNDA:6,(anonymous_8)
FNDA:6,(anonymous_9)
FNDA:6,(anonymous_10)
FNDA:5,(anonymous_11)
FNDA:4,(anonymous_12)
DA:3,1
DA:4,1
DA:5,1
DA:7,1
DA:8,7
DA:9,7
DA:11,7
DA:12,1
DA:15,7
DA:16,1
DA:17,6
DA:18,0
DA:21,7
DA:22,1
DA:25,7
DA:26,0
DA:27,7
DA:28,1
DA:31,7
DA:32,7
DA:33,1
DA:36,7
DA:37,5
DA:48,2
DA:49,2
DA:50,2
DA:52,2
DA:55,1
DA:56,3
DA:57,3
DA:59,3
DA:60,1
DA:63,3
DA:64,1
DA:67,3
DA:68,2
DA:78,1
DA:79,1
DA:83,1
DA:84,24
DA:95,1
DA:96,4
DA:97,4
DA:98,4
DA:99,4
DA:100,5
DA:101,5
DA:102,3
DA:105,4
DA:106,1
DA:111,1
DA:112,5
DA:116,1
DA:117,3
DA:118,3
DA:119,2
DA:120,2
DA:122,3
DA:126,1
DA:127,8
DA:128,8
DA:130,8
DA:131,8
DA:132,8
DA:133,8
DA:134,8
DA:135,8
DA:137,8
DA:139,2
DA:140,2
DA:141,2
DA:142,2
DA:143,2
DA:147,1
DA:148,6
DA:149,6
DA:150,6
DA:152,6
DA:153,6
DA:154,1
DA:157,6
DA:158,4
DA:162,1
DA:163,6
DA:164,6
DA:165,6
DA:167,6
DA:168,6
DA:169,3
DA:172,6
DA:173,2
DA:177,1
DA:178,6
DA:179,6
DA:181,6
DA:182,2
DA:184,6
DA:185,2
DA:188,6
DA:189,2
DA:193,1
DA:194,5
DA:195,5
DA:197,5
DA:198,5
DA:199,20
DA:200,8
DA:201,2
DA:206,5
DA:207,3
DA:211,1
DA:212,4
DA:213,4
DA:214,4
DA:216,4
DA:217,4
DA:218,1
DA:221,4
DA:222,1
DA:225,1
LF:120
LH:118
BRDA:11,0,0,1
BRDA:11,0,1,6
BRDA:11,1,0,7
BRDA:11,1,1,6
BRDA:15,2,0,1
BRDA:15,2,1,6
BRDA:15,3,0,7
BRDA:15,3,1,7
BRDA:17,4,0,0
BRDA:17,4,1,6
BRDA:21,5,0,1
BRDA:21,5,1,6
BRDA:21,6,0,7
BRDA:21,6,1,7
BRDA:25,7,0,0
BRDA:25,7,1,7
BRDA:27,8,0,1
BRDA:27,8,1,6
BRDA:32,9,0,1
BRDA:32,9,1,6
BRDA:32,10,0,7
BRDA:32,10,1,7
BRDA:36,11,0,5
BRDA:36,11,1,2
BRDA:59,12,0,1
BRDA:59,12,1,2
BRDA:59,13,0,3
BRDA:59,13,1,2
BRDA:63,14,0,1
BRDA:63,14,1,2
BRDA:67,15,0,2
BRDA:67,15,1,1
BRDA:101,16,0,3
BRDA:101,16,1,2
BRDA:101,17,0,5
BRDA:101,17,1,5
BRDA:105,18,0,3
BRDA:105,18,1,1
BRDA:118,19,0,2
BRDA:118,19,1,1
BRDA:118,20,0,3
BRDA:118,20,1,2
BRDA:130,21,0,1
BRDA:130,21,1,7
BRDA:130,22,0,8
BRDA:130,22,1,7
BRDA:131,23,0,1
BRDA:131,23,1,7
BRDA:131,24,0,8
BRDA:131,24,1,8
BRDA:132,25,0,1
BRDA:132,25,1,7
BRDA:132,26,0,8
BRDA:132,26,1,7
BRDA:133,27,0,1
BRDA:133,27,1,7
BRDA:133,28,0,8
BRDA:133,28,1,7
BRDA:134,29,0,1
BRDA:134,29,1,7
BRDA:134,30,0,8
BRDA:134,30,1,7
BRDA:135,31,0,1
BRDA:135,31,1,7
BRDA:135,32,0,8
BRDA:135,32,1,8
BRDA:137,33,0,6
BRDA:137,33,1,2
BRDA:152,34,0,1
BRDA:152,34,1,5
BRDA:152,35,0,6
BRDA:152,35,1,6
BRDA:153,36,0,1
BRDA:153,36,1,5
BRDA:153,37,0,6
BRDA:153,37,1,6
BRDA:157,38,0,2
BRDA:157,38,1,4
BRDA:167,39,0,1
BRDA:167,39,1,5
BRDA:167,40,0,6
BRDA:167,40,1,6
BRDA:168,41,0,3
BRDA:168,41,1,3
BRDA:168,42,0,6
BRDA:168,42,1,5
BRDA:168,42,2,4
BRDA:172,43,0,4
BRDA:172,43,1,2
BRDA:181,44,0,2
BRDA:181,44,1,4
BRDA:181,45,0,6
BRDA:181,45,1,6
BRDA:181,45,2,5
BRDA:181,45,3,5
BRDA:184,46,0,2
BRDA:184,46,1,4
BRDA:184,47,0,6
BRDA:184,47,1,5
BRDA:184,47,2,5
BRDA:184,47,3,5
BRDA:188,48,0,4
BRDA:188,48,1,2
BRDA:199,49,0,8
BRDA:199,49,1,12
BRDA:200,50,0,2
BRDA:200,50,1,6
BRDA:200,51,0,8
BRDA:200,51,1,7
BRDA:206,52,0,2
BRDA:206,52,1,3
BRDA:216,53,0,2
BRDA:216,53,1,2
BRDA:216,54,0,4
BRDA:216,54,1,3
BRDA:217,55,0,1
BRDA:217,55,1,3
BRDA:217,56,0,4
BRDA:217,56,1,4
BRDA:221,57,0,3
BRDA:221,57,1,1
BRF:121
BRH:119
end_of_record
TN:
SF:src\models\User.js
FN:57,(anonymous_0)
FN:64,(anonymous_1)
FN:69,(anonymous_2)
FNF:3
FNH:0
FNDA:0,(anonymous_0)
FNDA:0,(anonymous_1)
FNDA:0,(anonymous_2)
DA:1,1
DA:2,1
DA:4,1
DA:57,1
DA:58,0
DA:59,0
DA:60,0
DA:64,1
DA:65,0
DA:69,1
DA:70,0
DA:71,0
DA:72,0
DA:75,1
LF:14
LH:7
BRDA:58,0,0,0
BRDA:58,0,1,0
BRF:2
BRH:0
end_of_record
